2022/11/06 04:13:15 [emerg] 1#1: unknown directive "roxy_pass" in /etc/nginx/conf.d/default.conf:24
2022/11/06 04:13:16 [emerg] 1#1: unknown directive "roxy_pass" in /etc/nginx/conf.d/default.conf:24
2022/11/06 04:13:17 [emerg] 1#1: unknown directive "roxy_pass" in /etc/nginx/conf.d/default.conf:24
2022/11/06 04:13:18 [emerg] 1#1: unknown directive "roxy_pass" in /etc/nginx/conf.d/default.conf:24
2022/11/06 04:13:20 [emerg] 1#1: unknown directive "roxy_pass" in /etc/nginx/conf.d/default.conf:24
2022/11/06 04:13:22 [emerg] 1#1: unknown directive "roxy_pass" in /etc/nginx/conf.d/default.conf:24
2022/11/06 04:13:27 [emerg] 1#1: unknown directive "roxy_pass" in /etc/nginx/conf.d/default.conf:24
2022/11/06 04:13:34 [emerg] 1#1: unknown directive "roxy_pass" in /etc/nginx/conf.d/default.conf:24
2022/11/06 04:13:58 [emerg] 1#1: unknown directive "roxy_pass" in /etc/nginx/conf.d/default.conf:24
2022/11/06 04:13:59 [emerg] 1#1: unknown directive "roxy_pass" in /etc/nginx/conf.d/default.conf:24
2022/11/06 04:14:01 [emerg] 1#1: unknown directive "roxy_pass" in /etc/nginx/conf.d/default.conf:24
2022/11/06 04:14:02 [emerg] 1#1: unknown directive "roxy_pass" in /etc/nginx/conf.d/default.conf:24
2022/11/06 04:14:04 [emerg] 1#1: unknown directive "roxy_pass" in /etc/nginx/conf.d/default.conf:24
2022/11/06 04:15:23 [emerg] 1#1: unknown directive "roxy_pass" in /etc/nginx/conf.d/default.conf:24
2022/11/06 04:15:24 [emerg] 1#1: unknown directive "roxy_pass" in /etc/nginx/conf.d/default.conf:24
2022/11/06 04:15:26 [emerg] 1#1: unknown directive "roxy_pass" in /etc/nginx/conf.d/default.conf:24
2022/11/06 04:15:27 [emerg] 1#1: unknown directive "roxy_pass" in /etc/nginx/conf.d/default.conf:24
2022/11/06 04:15:29 [emerg] 1#1: unknown directive "roxy_pass" in /etc/nginx/conf.d/default.conf:24
2022/11/06 04:15:31 [emerg] 1#1: unknown directive "roxy_pass" in /etc/nginx/conf.d/default.conf:24
2022/11/06 04:15:35 [emerg] 1#1: unknown directive "roxy_pass" in /etc/nginx/conf.d/default.conf:24
2022/11/06 04:15:57 [emerg] 1#1: unknown directive "roxy_pass" in /etc/nginx/conf.d/default.conf:24
2022/11/06 04:15:58 [emerg] 1#1: unknown directive "roxy_pass" in /etc/nginx/conf.d/default.conf:24
2022/11/06 04:15:59 [emerg] 1#1: unknown directive "roxy_pass" in /etc/nginx/conf.d/default.conf:24
2022/11/06 04:16:00 [emerg] 1#1: unknown directive "roxy_pass" in /etc/nginx/conf.d/default.conf:24
2022/11/06 04:16:02 [emerg] 1#1: unknown directive "roxy_pass" in /etc/nginx/conf.d/default.conf:24
2022/11/06 04:16:04 [emerg] 1#1: unknown directive "roxy_pass" in /etc/nginx/conf.d/default.conf:24
2022/11/06 04:16:09 [emerg] 1#1: unknown directive "roxy_pass" in /etc/nginx/conf.d/default.conf:24
2022/11/06 04:16:16 [emerg] 1#1: unknown directive "roxy_pass" in /etc/nginx/conf.d/default.conf:24
2022/11/06 04:16:30 [emerg] 1#1: unknown directive "roxy_pass" in /etc/nginx/conf.d/default.conf:24
2022/11/06 04:18:19 [emerg] 1#1: invalid URL prefix in /etc/nginx/conf.d/default.conf:24
2022/11/06 04:18:20 [emerg] 1#1: invalid URL prefix in /etc/nginx/conf.d/default.conf:24
2022/11/06 04:18:21 [emerg] 1#1: invalid URL prefix in /etc/nginx/conf.d/default.conf:24
2022/11/06 04:18:23 [emerg] 1#1: invalid URL prefix in /etc/nginx/conf.d/default.conf:24
2022/11/06 04:18:24 [emerg] 1#1: invalid URL prefix in /etc/nginx/conf.d/default.conf:24
2022/11/06 04:18:27 [emerg] 1#1: invalid URL prefix in /etc/nginx/conf.d/default.conf:24
2022/11/06 04:18:31 [emerg] 1#1: invalid URL prefix in /etc/nginx/conf.d/default.conf:24
2022/11/06 04:18:38 [emerg] 1#1: invalid URL prefix in /etc/nginx/conf.d/default.conf:24
2022/11/06 04:18:52 [emerg] 1#1: invalid URL prefix in /etc/nginx/conf.d/default.conf:24
2022/11/06 04:23:51 [emerg] 1#1: invalid URL prefix in /etc/nginx/conf.d/default.conf:24
2022/11/06 04:23:52 [emerg] 1#1: invalid URL prefix in /etc/nginx/conf.d/default.conf:24
2022/11/06 04:23:54 [emerg] 1#1: invalid URL prefix in /etc/nginx/conf.d/default.conf:24
2022/11/06 04:24:09 [notice] 1#1: using the "epoll" event method
2022/11/06 04:24:09 [notice] 1#1: nginx/1.23.2
2022/11/06 04:24:09 [notice] 1#1: built by gcc 11.2.1 20220219 (Alpine 11.2.1_git20220219) 
2022/11/06 04:24:09 [notice] 1#1: OS: Linux 5.15.0-47-generic
2022/11/06 04:24:09 [notice] 1#1: getrlimit(RLIMIT_NOFILE): 1048576:1048576
2022/11/06 04:24:09 [notice] 1#1: start worker processes
2022/11/06 04:24:09 [notice] 1#1: start worker process 29
2022/11/06 04:24:09 [notice] 1#1: start worker process 30
2022/11/06 04:24:09 [notice] 1#1: start worker process 31
2022/11/06 04:24:09 [notice] 1#1: start worker process 32
2022/11/06 04:24:09 [notice] 1#1: start worker process 33
2022/11/06 04:24:09 [notice] 1#1: start worker process 34
2022/11/06 04:24:09 [notice] 1#1: start worker process 35
2022/11/06 04:24:09 [notice] 1#1: start worker process 36
2022/11/06 04:24:09 [notice] 1#1: start worker process 37
2022/11/06 04:24:09 [notice] 1#1: start worker process 38
2022/11/06 04:24:09 [notice] 1#1: start worker process 39
2022/11/06 04:24:09 [notice] 1#1: start worker process 40
2022/11/06 04:25:28 [notice] 1#1: signal 3 (SIGQUIT) received, shutting down
2022/11/06 04:25:28 [notice] 29#29: gracefully shutting down
2022/11/06 04:25:28 [notice] 30#30: gracefully shutting down
2022/11/06 04:25:28 [notice] 31#31: gracefully shutting down
2022/11/06 04:25:28 [notice] 33#33: gracefully shutting down
2022/11/06 04:25:28 [notice] 32#32: gracefully shutting down
2022/11/06 04:25:28 [notice] 29#29: exiting
2022/11/06 04:25:28 [notice] 30#30: exiting
2022/11/06 04:25:28 [notice] 34#34: gracefully shutting down
2022/11/06 04:25:28 [notice] 35#35: gracefully shutting down
2022/11/06 04:25:28 [notice] 36#36: gracefully shutting down
2022/11/06 04:25:28 [notice] 31#31: exiting
2022/11/06 04:25:28 [notice] 37#37: gracefully shutting down
2022/11/06 04:25:28 [notice] 33#33: exiting
2022/11/06 04:25:28 [notice] 32#32: exiting
2022/11/06 04:25:28 [notice] 38#38: gracefully shutting down
2022/11/06 04:25:28 [notice] 34#34: exiting
2022/11/06 04:25:28 [notice] 39#39: gracefully shutting down
2022/11/06 04:25:28 [notice] 35#35: exiting
2022/11/06 04:25:28 [notice] 36#36: exiting
2022/11/06 04:25:28 [notice] 37#37: exiting
2022/11/06 04:25:28 [notice] 38#38: exiting
2022/11/06 04:25:28 [notice] 39#39: exiting
2022/11/06 04:25:28 [notice] 29#29: exit
2022/11/06 04:25:28 [notice] 30#30: exit
2022/11/06 04:25:28 [notice] 31#31: exit
2022/11/06 04:25:28 [notice] 32#32: exit
2022/11/06 04:25:28 [notice] 33#33: exit
2022/11/06 04:25:28 [notice] 34#34: exit
2022/11/06 04:25:28 [notice] 35#35: exit
2022/11/06 04:25:28 [notice] 39#39: exit
2022/11/06 04:25:28 [notice] 37#37: exit
2022/11/06 04:25:28 [notice] 38#38: exit
2022/11/06 04:25:28 [notice] 36#36: exit
2022/11/06 04:25:28 [notice] 40#40: gracefully shutting down
2022/11/06 04:25:28 [notice] 40#40: exiting
2022/11/06 04:25:28 [notice] 40#40: exit
2022/11/06 04:25:28 [notice] 1#1: signal 17 (SIGCHLD) received from 30
2022/11/06 04:25:28 [notice] 1#1: worker process 30 exited with code 0
2022/11/06 04:25:28 [notice] 1#1: worker process 36 exited with code 0
2022/11/06 04:25:28 [notice] 1#1: worker process 32 exited with code 0
2022/11/06 04:25:28 [notice] 1#1: worker process 37 exited with code 0
2022/11/06 04:25:28 [notice] 1#1: worker process 39 exited with code 0
2022/11/06 04:25:28 [notice] 1#1: signal 29 (SIGIO) received
2022/11/06 04:25:28 [notice] 1#1: signal 17 (SIGCHLD) received from 37
2022/11/06 04:25:28 [notice] 1#1: signal 17 (SIGCHLD) received from 34
2022/11/06 04:25:28 [notice] 1#1: worker process 29 exited with code 0
2022/11/06 04:25:28 [notice] 1#1: worker process 34 exited with code 0
2022/11/06 04:25:28 [notice] 1#1: signal 29 (SIGIO) received
2022/11/06 04:25:28 [notice] 1#1: signal 17 (SIGCHLD) received from 35
2022/11/06 04:25:28 [notice] 1#1: worker process 35 exited with code 0
2022/11/06 04:25:28 [notice] 1#1: worker process 33 exited with code 0
2022/11/06 04:25:28 [notice] 1#1: signal 29 (SIGIO) received
2022/11/06 04:25:28 [notice] 1#1: signal 17 (SIGCHLD) received from 33
2022/11/06 04:25:29 [notice] 1#1: signal 17 (SIGCHLD) received from 38
2022/11/06 04:25:29 [notice] 1#1: worker process 38 exited with code 0
2022/11/06 04:25:29 [notice] 1#1: signal 29 (SIGIO) received
2022/11/06 04:25:29 [notice] 1#1: signal 17 (SIGCHLD) received from 31
2022/11/06 04:25:29 [notice] 1#1: worker process 31 exited with code 0
2022/11/06 04:25:29 [notice] 1#1: signal 29 (SIGIO) received
2022/11/06 04:25:29 [notice] 1#1: signal 17 (SIGCHLD) received from 40
2022/11/06 04:25:29 [notice] 1#1: worker process 40 exited with code 0
2022/11/06 04:25:29 [notice] 1#1: exit
2022/11/06 04:25:57 [notice] 1#1: using the "epoll" event method
2022/11/06 04:25:57 [notice] 1#1: nginx/1.23.2
2022/11/06 04:25:57 [notice] 1#1: built by gcc 11.2.1 20220219 (Alpine 11.2.1_git20220219) 
2022/11/06 04:25:57 [notice] 1#1: OS: Linux 5.15.0-47-generic
2022/11/06 04:25:57 [notice] 1#1: getrlimit(RLIMIT_NOFILE): 1048576:1048576
2022/11/06 04:25:57 [notice] 1#1: start worker processes
2022/11/06 04:25:57 [notice] 1#1: start worker process 29
2022/11/06 04:25:57 [notice] 1#1: start worker process 30
2022/11/06 04:25:57 [notice] 1#1: start worker process 31
2022/11/06 04:25:57 [notice] 1#1: start worker process 32
2022/11/06 04:25:57 [notice] 1#1: start worker process 33
2022/11/06 04:25:57 [notice] 1#1: start worker process 34
2022/11/06 04:25:57 [notice] 1#1: start worker process 35
2022/11/06 04:25:57 [notice] 1#1: start worker process 36
2022/11/06 04:25:57 [notice] 1#1: start worker process 37
2022/11/06 04:25:57 [notice] 1#1: start worker process 38
2022/11/06 04:25:57 [notice] 1#1: start worker process 39
2022/11/06 04:25:57 [notice] 1#1: start worker process 40
2022/11/06 04:26:36 [notice] 1#1: signal 3 (SIGQUIT) received, shutting down
2022/11/06 04:26:36 [notice] 31#31: gracefully shutting down
2022/11/06 04:26:36 [notice] 29#29: gracefully shutting down
2022/11/06 04:26:36 [notice] 30#30: gracefully shutting down
2022/11/06 04:26:36 [notice] 32#32: gracefully shutting down
2022/11/06 04:26:36 [notice] 33#33: gracefully shutting down
2022/11/06 04:26:36 [notice] 35#35: gracefully shutting down
2022/11/06 04:26:36 [notice] 34#34: gracefully shutting down
2022/11/06 04:26:36 [notice] 36#36: gracefully shutting down
2022/11/06 04:26:36 [notice] 31#31: exiting
2022/11/06 04:26:36 [notice] 29#29: exiting
2022/11/06 04:26:36 [notice] 36#36: exiting
2022/11/06 04:26:36 [notice] 37#37: gracefully shutting down
2022/11/06 04:26:36 [notice] 30#30: exiting
2022/11/06 04:26:36 [notice] 32#32: exiting
2022/11/06 04:26:36 [notice] 33#33: exiting
2022/11/06 04:26:36 [notice] 35#35: exiting
2022/11/06 04:26:36 [notice] 34#34: exiting
2022/11/06 04:26:36 [notice] 37#37: exiting
2022/11/06 04:26:36 [notice] 31#31: exit
2022/11/06 04:26:36 [notice] 29#29: exit
2022/11/06 04:26:36 [notice] 36#36: exit
2022/11/06 04:26:36 [notice] 37#37: exit
2022/11/06 04:26:36 [notice] 33#33: exit
2022/11/06 04:26:36 [notice] 35#35: exit
2022/11/06 04:26:36 [notice] 32#32: exit
2022/11/06 04:26:36 [notice] 30#30: exit
2022/11/06 04:26:36 [notice] 34#34: exit
2022/11/06 04:26:36 [notice] 39#39: gracefully shutting down
2022/11/06 04:26:36 [notice] 39#39: exiting
2022/11/06 04:26:36 [notice] 38#38: gracefully shutting down
2022/11/06 04:26:36 [notice] 38#38: exiting
2022/11/06 04:26:36 [notice] 39#39: exit
2022/11/06 04:26:36 [notice] 40#40: gracefully shutting down
2022/11/06 04:26:36 [notice] 38#38: exit
2022/11/06 04:26:36 [notice] 40#40: exiting
2022/11/06 04:26:36 [notice] 40#40: exit
2022/11/06 04:26:36 [notice] 1#1: signal 17 (SIGCHLD) received from 36
2022/11/06 04:26:36 [notice] 1#1: worker process 32 exited with code 0
2022/11/06 04:26:36 [notice] 1#1: worker process 36 exited with code 0
2022/11/06 04:26:36 [notice] 1#1: worker process 31 exited with code 0
2022/11/06 04:26:36 [notice] 1#1: signal 29 (SIGIO) received
2022/11/06 04:26:36 [notice] 1#1: signal 17 (SIGCHLD) received from 32
2022/11/06 04:26:36 [notice] 1#1: signal 17 (SIGCHLD) received from 30
2022/11/06 04:26:36 [notice] 1#1: worker process 30 exited with code 0
2022/11/06 04:26:36 [notice] 1#1: worker process 33 exited with code 0
2022/11/06 04:26:36 [notice] 1#1: worker process 35 exited with code 0
2022/11/06 04:26:36 [notice] 1#1: signal 29 (SIGIO) received
2022/11/06 04:26:36 [notice] 1#1: signal 17 (SIGCHLD) received from 35
2022/11/06 04:26:36 [notice] 1#1: signal 17 (SIGCHLD) received from 39
2022/11/06 04:26:36 [notice] 1#1: worker process 39 exited with code 0
2022/11/06 04:26:36 [notice] 1#1: signal 29 (SIGIO) received
2022/11/06 04:26:36 [notice] 1#1: signal 17 (SIGCHLD) received from 38
2022/11/06 04:26:36 [notice] 1#1: worker process 29 exited with code 0
2022/11/06 04:26:36 [notice] 1#1: worker process 38 exited with code 0
2022/11/06 04:26:36 [notice] 1#1: signal 29 (SIGIO) received
2022/11/06 04:26:36 [notice] 1#1: signal 17 (SIGCHLD) received from 29
2022/11/06 04:26:36 [notice] 1#1: signal 17 (SIGCHLD) received from 40
2022/11/06 04:26:36 [notice] 1#1: worker process 37 exited with code 0
2022/11/06 04:26:36 [notice] 1#1: worker process 40 exited with code 0
2022/11/06 04:26:36 [notice] 1#1: signal 29 (SIGIO) received
2022/11/06 04:26:36 [notice] 1#1: signal 17 (SIGCHLD) received from 37
2022/11/06 04:26:36 [notice] 1#1: signal 17 (SIGCHLD) received from 34
2022/11/06 04:26:36 [notice] 1#1: worker process 34 exited with code 0
2022/11/06 04:26:36 [notice] 1#1: exit
2022/11/06 04:27:15 [notice] 1#1: using the "epoll" event method
2022/11/06 04:27:15 [notice] 1#1: nginx/1.23.2
2022/11/06 04:27:15 [notice] 1#1: built by gcc 11.2.1 20220219 (Alpine 11.2.1_git20220219) 
2022/11/06 04:27:15 [notice] 1#1: OS: Linux 5.15.0-47-generic
2022/11/06 04:27:15 [notice] 1#1: getrlimit(RLIMIT_NOFILE): 1048576:1048576
2022/11/06 04:27:15 [notice] 1#1: start worker processes
2022/11/06 04:27:15 [notice] 1#1: start worker process 29
2022/11/06 04:27:15 [notice] 1#1: start worker process 30
2022/11/06 04:27:15 [notice] 1#1: start worker process 31
2022/11/06 04:27:15 [notice] 1#1: start worker process 32
2022/11/06 04:27:15 [notice] 1#1: start worker process 33
2022/11/06 04:27:15 [notice] 1#1: start worker process 34
2022/11/06 04:27:15 [notice] 1#1: start worker process 35
2022/11/06 04:27:15 [notice] 1#1: start worker process 36
2022/11/06 04:27:15 [notice] 1#1: start worker process 37
2022/11/06 04:27:15 [notice] 1#1: start worker process 38
2022/11/06 04:27:15 [notice] 1#1: start worker process 39
2022/11/06 04:27:15 [notice] 1#1: start worker process 40
2022/11/06 04:28:04 [notice] 1#1: signal 3 (SIGQUIT) received, shutting down
2022/11/06 04:28:04 [notice] 29#29: gracefully shutting down
2022/11/06 04:28:04 [notice] 30#30: gracefully shutting down
2022/11/06 04:28:04 [notice] 31#31: gracefully shutting down
2022/11/06 04:28:04 [notice] 32#32: gracefully shutting down
2022/11/06 04:28:04 [notice] 33#33: gracefully shutting down
2022/11/06 04:28:04 [notice] 34#34: gracefully shutting down
2022/11/06 04:28:04 [notice] 35#35: gracefully shutting down
2022/11/06 04:28:04 [notice] 36#36: gracefully shutting down
2022/11/06 04:28:04 [notice] 31#31: exiting
2022/11/06 04:28:04 [notice] 37#37: gracefully shutting down
2022/11/06 04:28:04 [notice] 32#32: exiting
2022/11/06 04:28:04 [notice] 39#39: gracefully shutting down
2022/11/06 04:28:04 [notice] 33#33: exiting
2022/11/06 04:28:04 [notice] 40#40: gracefully shutting down
2022/11/06 04:28:04 [notice] 34#34: exiting
2022/11/06 04:28:04 [notice] 30#30: exiting
2022/11/06 04:28:04 [notice] 35#35: exiting
2022/11/06 04:28:04 [notice] 36#36: exiting
2022/11/06 04:28:04 [notice] 37#37: exiting
2022/11/06 04:28:04 [notice] 39#39: exiting
2022/11/06 04:28:04 [notice] 40#40: exiting
2022/11/06 04:28:04 [notice] 31#31: exit
2022/11/06 04:28:04 [notice] 32#32: exit
2022/11/06 04:28:04 [notice] 33#33: exit
2022/11/06 04:28:04 [notice] 36#36: exit
2022/11/06 04:28:04 [notice] 37#37: exit
2022/11/06 04:28:04 [notice] 35#35: exit
2022/11/06 04:28:04 [notice] 30#30: exit
2022/11/06 04:28:04 [notice] 40#40: exit
2022/11/06 04:28:04 [notice] 34#34: exit
2022/11/06 04:28:04 [notice] 39#39: exit
2022/11/06 04:28:04 [notice] 38#38: gracefully shutting down
2022/11/06 04:28:04 [notice] 38#38: exiting
2022/11/06 04:28:04 [notice] 38#38: exit
2022/11/06 04:28:04 [notice] 1#1: signal 17 (SIGCHLD) received from 30
2022/11/06 04:28:04 [notice] 1#1: worker process 30 exited with code 0
2022/11/06 04:28:04 [notice] 1#1: signal 29 (SIGIO) received
2022/11/06 04:28:04 [notice] 1#1: signal 17 (SIGCHLD) received from 36
2022/11/06 04:28:04 [notice] 1#1: worker process 31 exited with code 0
2022/11/06 04:28:04 [notice] 1#1: worker process 33 exited with code 0
2022/11/06 04:28:04 [notice] 1#1: worker process 36 exited with code 0
2022/11/06 04:28:04 [notice] 1#1: worker process 37 exited with code 0
2022/11/06 04:28:04 [notice] 1#1: worker process 40 exited with code 0
2022/11/06 04:28:04 [notice] 1#1: signal 29 (SIGIO) received
2022/11/06 04:28:04 [notice] 1#1: signal 17 (SIGCHLD) received from 31
2022/11/06 04:28:04 [notice] 1#1: signal 17 (SIGCHLD) received from 39
2022/11/06 04:28:04 [notice] 1#1: worker process 39 exited with code 0
2022/11/06 04:28:04 [notice] 1#1: worker process 38 exited with code 0
2022/11/06 04:28:04 [notice] 1#1: signal 29 (SIGIO) received
2022/11/06 04:28:04 [notice] 1#1: signal 17 (SIGCHLD) received from 38
2022/11/06 04:28:04 [notice] 1#1: signal 17 (SIGCHLD) received from 35
2022/11/06 04:28:04 [notice] 1#1: worker process 34 exited with code 0
2022/11/06 04:28:04 [notice] 1#1: worker process 35 exited with code 0
2022/11/06 04:28:04 [notice] 1#1: signal 29 (SIGIO) received
2022/11/06 04:28:04 [notice] 1#1: signal 17 (SIGCHLD) received from 34
2022/11/06 04:28:04 [notice] 1#1: signal 17 (SIGCHLD) received from 32
2022/11/06 04:28:04 [notice] 1#1: worker process 32 exited with code 0
2022/11/06 04:28:04 [notice] 1#1: signal 29 (SIGIO) received
2022/11/06 04:57:09 [emerg] 1#1: host not found in upstream "back-flask" in /etc/nginx/conf.d/default.conf:24
2022/11/06 04:57:15 [emerg] 1#1: host not found in upstream "back-flask" in /etc/nginx/conf.d/default.conf:24
2022/11/06 04:57:22 [emerg] 1#1: host not found in upstream "back-flask" in /etc/nginx/conf.d/default.conf:24
2022/11/06 04:57:28 [emerg] 1#1: host not found in upstream "back-flask" in /etc/nginx/conf.d/default.conf:24
